<?xml version="1.0" encoding="UTF-8"?>
<testsuite xmlns:xsi="http://www.w3.org/2001/XMLSchema-instance" xsi:noNamespaceSchemaLocation="https://maven.apache.org/surefire/maven-surefire-plugin/xsd/surefire-test-report.xsd" version="3.0.2" name="fr.forty_two.numbers.NumberWorkerTest" time="0.388" tests="152" errors="0" skipped="0" failures="0">
  <properties>
[...]
</properties>
  <testcase name="isPrimeForNotPrimes(int)[1]" classname="fr.forty_two.numbers.NumberWorkerTest" time="0.028"/>
  <testcase name="isPrimeForNotPrimes(int)[2]" classname="fr.forty_two.numbers.NumberWorkerTest" time="0.002"/>
  <testcase name="isPrimeForNotPrimes(int)[3]" classname="fr.forty_two.numbers.NumberWorkerTest" time="0.001"/>
  <testcase name="isPrimeForNotPrimes(int)[4]" classname="fr.forty_two.numbers.NumberWorkerTest" time="0.001"/>
  <testcase name="isPrimeForNotPrimes(int)[5]" classname="fr.forty_two.numbers.NumberWorkerTest" time="0.001"/>
  <testcase name="isPrimeForNotPrimes(int)[6]" classname="fr.forty_two.numbers.NumberWorkerTest" time="0.002"/>
  <testcase name="isPrimeForNotPrimes(int)[7]" classname="fr.forty_two.numbers.NumberWorkerTest" time="0.001"/>
  <testcase name="isPrimeForNotPrimes(int)[8]" classname="fr.forty_two.numbers.NumberWorkerTest" time="0.001"/>
  <testcase name="isPrimeForNotPrimes(int)[9]" classname="fr.forty_two.numbers.NumberWorkerTest" time="0.001"/>
  <testcase name="isPrimeForNotPrimes(int)[10]" classname="fr.forty_two.numbers.NumberWorkerTest" time="0.001"/>
  <testcase name="isPrimeForNotPrimes(int)[11]" classname="fr.forty_two.numbers.NumberWorkerTest" time="0.001"/>
  <testcase name="isPrimeForNotPrimes(int)[12]" classname="fr.forty_two.numbers.NumberWorkerTest" time="0.001"/>
  <testcase name="isPrimeForNotPrimes(int)[13]" classname="fr.forty_two.numbers.NumberWorkerTest" time="0.001"/>
  <testcase name="isPrimeForNotPrimes(int)[14]" classname="fr.forty_two.numbers.NumberWorkerTest" time="0.001"/>
  <testcase name="isPrimeForNotPrimes(int)[15]" classname="fr.forty_two.numbers.NumberWorkerTest" time="0.001"/>
  <testcase name="isPrimeForNotPrimes(int)[16]" classname="fr.forty_two.numbers.NumberWorkerTest" time="0.001"/>
  <testcase name="isPrimeForNotPrimes(int)[17]" classname="fr.forty_two.numbers.NumberWorkerTest" time="0.001"/>
  <testcase name="isPrimeForNotPrimes(int)[18]" classname="fr.forty_two.numbers.NumberWorkerTest" time="0.002"/>
  <testcase name="isPrimeForNotPrimes(int)[19]" classname="fr.forty_two.numbers.NumberWorkerTest" time="0.001"/>
  <testcase name="isPrimeForNotPrimes(int)[20]" classname="fr.forty_two.numbers.NumberWorkerTest" time="0.001"/>
  <testcase name="isPrimeForNotPrimes(int)[21]" classname="fr.forty_two.numbers.NumberWorkerTest" time="0.001"/>
  <testcase name="isPrimeForNotPrimes(int)[22]" classname="fr.forty_two.numbers.NumberWorkerTest" time="0.001"/>
  <testcase name="isPrimeForNotPrimes(int)[23]" classname="fr.forty_two.numbers.NumberWorkerTest" time="0.001"/>
  <testcase name="isPrimeForNotPrimes(int)[24]" classname="fr.forty_two.numbers.NumberWorkerTest" time="0.001"/>
  <testcase name="isPrimeForNotPrimes(int)[25]" classname="fr.forty_two.numbers.NumberWorkerTest" time="0.001"/>
  <testcase name="isPrimeForNotPrimes(int)[26]" classname="fr.forty_two.numbers.NumberWorkerTest" time="0.001"/>
  <testcase name="isPrimeForNotPrimes(int)[27]" classname="fr.forty_two.numbers.NumberWorkerTest" time="0.001"/>
  <testcase name="isPrimeForNotPrimes(int)[28]" classname="fr.forty_two.numbers.NumberWorkerTest" time="0.001"/>
  <testcase name="isPrimeForNotPrimes(int)[29]" classname="fr.forty_two.numbers.NumberWorkerTest" time="0.001"/>
  <testcase name="isPrimeForNotPrimes(int)[30]" classname="fr.forty_two.numbers.NumberWorkerTest" time="0.001"/>
  <testcase name="isPrimeForNotPrimes(int)[31]" classname="fr.forty_two.numbers.NumberWorkerTest" time="0.001"/>
  <testcase name="isPrimeForNotPrimes(int)[32]" classname="fr.forty_two.numbers.NumberWorkerTest" time="0.002"/>
  <testcase name="isPrimeForNotPrimes(int)[33]" classname="fr.forty_two.numbers.NumberWorkerTest" time="0.001"/>
  <testcase name="isPrimeForNotPrimes(int)[34]" classname="fr.forty_two.numbers.NumberWorkerTest" time="0.001"/>
  <testcase name="isPrimeForNotPrimes(int)[35]" classname="fr.forty_two.numbers.NumberWorkerTest" time="0.001"/>
  <testcase name="isPrimeForNotPrimes(int)[36]" classname="fr.forty_two.numbers.NumberWorkerTest" time="0.001"/>
  <testcase name="isPrimeForNotPrimes(int)[37]" classname="fr.forty_two.numbers.NumberWorkerTest" time="0.001"/>
  <testcase name="isPrimeForNotPrimes(int)[38]" classname="fr.forty_two.numbers.NumberWorkerTest" time="0.0"/>
  <testcase name="isPrimeForNotPrimes(int)[39]" classname="fr.forty_two.numbers.NumberWorkerTest" time="0.001"/>
  <testcase name="isPrimeForNotPrimes(int)[40]" classname="fr.forty_two.numbers.NumberWorkerTest" time="0.0"/>
  <testcase name="isPrimeForNotPrimes(int)[41]" classname="fr.forty_two.numbers.NumberWorkerTest" time="0.001"/>
  <testcase name="isPrimeForNotPrimes(int)[42]" classname="fr.forty_two.numbers.NumberWorkerTest" time="0.001"/>
  <testcase name="isPrimeForNotPrimes(int)[43]" classname="fr.forty_two.numbers.NumberWorkerTest" time="0.001"/>
  <testcase name="isPrimeForNotPrimes(int)[44]" classname="fr.forty_two.numbers.NumberWorkerTest" time="0.001"/>
  <testcase name="isPrimeForPrimes(int)[1]" classname="fr.forty_two.numbers.NumberWorkerTest" time="0.002"/>
  <testcase name="isPrimeForPrimes(int)[2]" classname="fr.forty_two.numbers.NumberWorkerTest" time="0.001"/>
  <testcase name="isPrimeForPrimes(int)[3]" classname="fr.forty_two.numbers.NumberWorkerTest" time="0.001"/>
  <testcase name="isPrimeForPrimes(int)[4]" classname="fr.forty_two.numbers.NumberWorkerTest" time="0.001"/>
  <testcase name="isPrimeForPrimes(int)[5]" classname="fr.forty_two.numbers.NumberWorkerTest" time="0.001"/>
  <testcase name="isPrimeForPrimes(int)[6]" classname="fr.forty_two.numbers.NumberWorkerTest" time="0.001"/>
  <testcase name="isPrimeForPrimes(int)[7]" classname="fr.forty_two.numbers.NumberWorkerTest" time="0.0"/>
  <testcase name="isPrimeForPrimes(int)[8]" classname="fr.forty_two.numbers.NumberWorkerTest" time="0.001"/>
  <testcase name="isPrimeForPrimes(int)[9]" classname="fr.forty_two.numbers.NumberWorkerTest" time="0.001"/>
  <testcase name="isPrimeForPrimes(int)[10]" classname="fr.forty_two.numbers.NumberWorkerTest" time="0.001"/>
  <testcase name="isPrimeForPrimes(int)[11]" classname="fr.forty_two.numbers.NumberWorkerTest" time="0.001"/>
  <testcase name="isPrimeForPrimes(int)[12]" classname="fr.forty_two.numbers.NumberWorkerTest" time="0.001"/>
  <testcase name="isPrimeForPrimes(int)[13]" classname="fr.forty_two.numbers.NumberWorkerTest" time="0.001"/>
  <testcase name="isPrimeForPrimes(int)[14]" classname="fr.forty_two.numbers.NumberWorkerTest" time="0.001"/>
  <testcase name="isPrimeForPrimes(int)[15]" classname="fr.forty_two.numbers.NumberWorkerTest" time="0.001"/>
  <testcase name="isPrimeForPrimes(int)[16]" classname="fr.forty_two.numbers.NumberWorkerTest" time="0.001"/>
  <testcase name="isPrimeForPrimes(int)[17]" classname="fr.forty_two.numbers.NumberWorkerTest" time="0.0"/>
  <testcase name="isPrimeForPrimes(int)[18]" classname="fr.forty_two.numbers.NumberWorkerTest" time="0.001"/>
  <testcase name="isPrimeForPrimes(int)[19]" classname="fr.forty_two.numbers.NumberWorkerTest" time="0.001"/>
  <testcase name="isPrimeForPrimes(int)[20]" classname="fr.forty_two.numbers.NumberWorkerTest" time="0.001"/>
  <testcase name="isPrimeForPrimes(int)[21]" classname="fr.forty_two.numbers.NumberWorkerTest" time="0.001"/>
  <testcase name="isPrimeForPrimes(int)[22]" classname="fr.forty_two.numbers.NumberWorkerTest" time="0.001"/>
  <testcase name="isPrimeForPrimes(int)[23]" classname="fr.forty_two.numbers.NumberWorkerTest" time="0.0"/>
  <testcase name="isPrimeForPrimes(int)[24]" classname="fr.forty_two.numbers.NumberWorkerTest" time="0.0"/>
  <testcase name="isPrimeForPrimes(int)[25]" classname="fr.forty_two.numbers.NumberWorkerTest" time="0.001"/>
  <testcase name="isPrimeForPrimes(int)[26]" classname="fr.forty_two.numbers.NumberWorkerTest" time="0.001"/>
  <testcase name="isPrimeForPrimes(int)[27]" classname="fr.forty_two.numbers.NumberWorkerTest" time="0.0"/>
  <testcase name="isPrimeForPrimes(int)[28]" classname="fr.forty_two.numbers.NumberWorkerTest" time="0.001"/>
  <testcase name="isPrimeForPrimes(int)[29]" classname="fr.forty_two.numbers.NumberWorkerTest" time="0.0"/>
  <testcase name="isPrimeForPrimes(int)[30]" classname="fr.forty_two.numbers.NumberWorkerTest" time="0.001"/>
  <testcase name="isPrimeForPrimes(int)[31]" classname="fr.forty_two.numbers.NumberWorkerTest" time="0.0"/>
  <testcase name="isPrimeForPrimes(int)[32]" classname="fr.forty_two.numbers.NumberWorkerTest" time="0.001"/>
  <testcase name="isPrimeForPrimes(int)[33]" classname="fr.forty_two.numbers.NumberWorkerTest" time="0.0"/>
  <testcase name="isPrimeForPrimes(int)[34]" classname="fr.forty_two.numbers.NumberWorkerTest" time="0.001"/>
  <testcase name="isPrimeForPrimes(int)[35]" classname="fr.forty_two.numbers.NumberWorkerTest" time="0.001"/>
  <testcase name="isPrimeForPrimes(int)[36]" classname="fr.forty_two.numbers.NumberWorkerTest" time="0.001"/>
  <testcase name="isPrimeForPrimes(int)[37]" classname="fr.forty_two.numbers.NumberWorkerTest" time="0.001"/>
  <testcase name="isPrimeForPrimes(int)[38]" classname="fr.forty_two.numbers.NumberWorkerTest" time="0.001"/>
  <testcase name="isPrimeForPrimes(int)[39]" classname="fr.forty_two.numbers.NumberWorkerTest" time="0.001"/>
  <testcase name="isPrimeForPrimes(int)[40]" classname="fr.forty_two.numbers.NumberWorkerTest" time="0.001"/>
  <testcase name="isPrimeForPrimes(int)[41]" classname="fr.forty_two.numbers.NumberWorkerTest" time="0.001"/>
  <testcase name="isPrimeForPrimes(int)[42]" classname="fr.forty_two.numbers.NumberWorkerTest" time="0.001"/>
  <testcase name="isPrimeForPrimes(int)[43]" classname="fr.forty_two.numbers.NumberWorkerTest" time="0.001"/>
  <testcase name="isPrimeForPrimes(int)[44]" classname="fr.forty_two.numbers.NumberWorkerTest" time="0.001"/>
  <testcase name="isPrimeForPrimes(int)[45]" classname="fr.forty_two.numbers.NumberWorkerTest" time="0.0"/>
  <testcase name="isPrimeForPrimes(int)[46]" classname="fr.forty_two.numbers.NumberWorkerTest" time="0.0"/>
  <testcase name="isPrimeForPrimes(int)[47]" classname="fr.forty_two.numbers.NumberWorkerTest" time="0.001"/>
  <testcase name="isPrimeForPrimes(int)[48]" classname="fr.forty_two.numbers.NumberWorkerTest" time="0.001"/>
  <testcase name="isPrimeForPrimes(int)[49]" classname="fr.forty_two.numbers.NumberWorkerTest" time="0.0"/>
  <testcase name="isPrimeForPrimes(int)[50]" classname="fr.forty_two.numbers.NumberWorkerTest" time="0.0"/>
  <testcase name="isPrimeForPrimes(int)[51]" classname="fr.forty_two.numbers.NumberWorkerTest" time="0.001"/>
  <testcase name="isPrimeForPrimes(int)[52]" classname="fr.forty_two.numbers.NumberWorkerTest" time="0.001"/>
  <testcase name="isPrimeForPrimes(int)[53]" classname="fr.forty_two.numbers.NumberWorkerTest" time="0.001"/>
  <testcase name="isPrimeForPrimes(int)[54]" classname="fr.forty_two.numbers.NumberWorkerTest" time="0.001"/>
  <testcase name="isPrimeForPrimes(int)[55]" classname="fr.forty_two.numbers.NumberWorkerTest" time="0.001"/>
  <testcase name="isPrimeForPrimes(int)[56]" classname="fr.forty_two.numbers.NumberWorkerTest" time="0.0"/>
  <testcase name="isPrimeForPrimes(int)[57]" classname="fr.forty_two.numbers.NumberWorkerTest" time="0.0"/>
  <testcase name="isPrimeForPrimes(int)[58]" classname="fr.forty_two.numbers.NumberWorkerTest" time="0.001"/>
  <testcase name="isPrimeForPrimes(int)[59]" classname="fr.forty_two.numbers.NumberWorkerTest" time="0.001"/>
  <testcase name="isPrimeForPrimes(int)[60]" classname="fr.forty_two.numbers.NumberWorkerTest" time="0.001"/>
  <testcase name="isPrimeForPrimes(int)[61]" classname="fr.forty_two.numbers.NumberWorkerTest" time="0.0"/>
  <testcase name="isPrimeForPrimes(int)[62]" classname="fr.forty_two.numbers.NumberWorkerTest" time="0.0"/>
  <testcase name="isPrimeForPrimes(int)[63]" classname="fr.forty_two.numbers.NumberWorkerTest" time="0.0"/>
  <testcase name="isPrimeForPrimes(int)[64]" classname="fr.forty_two.numbers.NumberWorkerTest" time="0.001"/>
  <testcase name="isPrimeForPrimes(int)[65]" classname="fr.forty_two.numbers.NumberWorkerTest" time="0.001"/>
  <testcase name="isPrimeForPrimes(int)[66]" classname="fr.forty_two.numbers.NumberWorkerTest" time="0.001"/>
  <testcase name="isPrimeForPrimes(int)[67]" classname="fr.forty_two.numbers.NumberWorkerTest" time="0.001"/>
  <testcase name="isPrimeForPrimes(int)[68]" classname="fr.forty_two.numbers.NumberWorkerTest" time="0.001"/>
  <testcase name="isPrimeForPrimes(int)[69]" classname="fr.forty_two.numbers.NumberWorkerTest" time="0.0"/>
  <testcase name="isPrimeForPrimes(int)[70]" classname="fr.forty_two.numbers.NumberWorkerTest" time="0.001"/>
  <testcase name="isPrimeForPrimes(int)[71]" classname="fr.forty_two.numbers.NumberWorkerTest" time="0.001"/>
  <testcase name="isPrimeForPrimes(int)[72]" classname="fr.forty_two.numbers.NumberWorkerTest" time="0.001"/>
  <testcase name="isPrimeForPrimes(int)[73]" classname="fr.forty_two.numbers.NumberWorkerTest" time="0.001"/>
  <testcase name="isPrimeForPrimes(int)[74]" classname="fr.forty_two.numbers.NumberWorkerTest" time="0.001"/>
  <testcase name="isPrimeForPrimes(int)[75]" classname="fr.forty_two.numbers.NumberWorkerTest" time="0.0"/>
  <testcase name="isPrimeForPrimes(int)[76]" classname="fr.forty_two.numbers.NumberWorkerTest" time="0.0"/>
  <testcase name="isPrimeForPrimes(int)[77]" classname="fr.forty_two.numbers.NumberWorkerTest" time="0.001"/>
  <testcase name="isPrimeForPrimes(int)[78]" classname="fr.forty_two.numbers.NumberWorkerTest" time="0.001"/>
  <testcase name="isPrimeForPrimes(int)[79]" classname="fr.forty_two.numbers.NumberWorkerTest" time="0.001"/>
  <testcase name="isPrimeForPrimes(int)[80]" classname="fr.forty_two.numbers.NumberWorkerTest" time="0.0"/>
  <testcase name="isPrimeForPrimes(int)[81]" classname="fr.forty_two.numbers.NumberWorkerTest" time="0.001"/>
  <testcase name="isPrimeForPrimes(int)[82]" classname="fr.forty_two.numbers.NumberWorkerTest" time="0.001"/>
  <testcase name="isPrimeForPrimes(int)[83]" classname="fr.forty_two.numbers.NumberWorkerTest" time="0.001"/>
  <testcase name="isPrimeForPrimes(int)[84]" classname="fr.forty_two.numbers.NumberWorkerTest" time="0.001"/>
  <testcase name="isPrimeForPrimes(int)[85]" classname="fr.forty_two.numbers.NumberWorkerTest" time="0.001"/>
  <testcase name="isPrimeForPrimes(int)[86]" classname="fr.forty_two.numbers.NumberWorkerTest" time="0.001"/>
  <testcase name="isPrimeForPrimes(int)[87]" classname="fr.forty_two.numbers.NumberWorkerTest" time="0.001"/>
  <testcase name="isPrimeForPrimes(int)[88]" classname="fr.forty_two.numbers.NumberWorkerTest" time="0.001"/>
  <testcase name="isPrimeForPrimes(int)[89]" classname="fr.forty_two.numbers.NumberWorkerTest" time="0.001"/>
  <testcase name="isPrimeForPrimes(int)[90]" classname="fr.forty_two.numbers.NumberWorkerTest" time="0.001"/>
  <testcase name="isPrimeForPrimes(int)[91]" classname="fr.forty_two.numbers.NumberWorkerTest" time="0.001"/>
  <testcase name="isPrimeForPrimes(int)[92]" classname="fr.forty_two.numbers.NumberWorkerTest" time="0.001"/>
  <testcase name="isPrimeForPrimes(int)[93]" classname="fr.forty_two.numbers.NumberWorkerTest" time="0.001"/>
  <testcase name="isPrimeForPrimes(int)[94]" classname="fr.forty_two.numbers.NumberWorkerTest" time="0.001"/>
  <testcase name="isPrimeForIncorrectNumbers(int)[1]" classname="fr.forty_two.numbers.NumberWorkerTest" time="0.002"/>
  <testcase name="isPrimeForIncorrectNumbers(int)[2]" classname="fr.forty_two.numbers.NumberWorkerTest" time="0.001"/>
  <testcase name="isPrimeForIncorrectNumbers(int)[3]" classname="fr.forty_two.numbers.NumberWorkerTest" time="0.0"/>
  <testcase name="isPrimeForIncorrectNumbers(int)[4]" classname="fr.forty_two.numbers.NumberWorkerTest" time="0.0"/>
  <testcase name="shouldCalculateTheSumOfDigits(int, int)[1]" classname="fr.forty_two.numbers.NumberWorkerTest" time="0.011"/>
  <testcase name="shouldCalculateTheSumOfDigits(int, int)[2]" classname="fr.forty_two.numbers.NumberWorkerTest" time="0.0"/>
  <testcase name="shouldCalculateTheSumOfDigits(int, int)[3]" classname="fr.forty_two.numbers.NumberWorkerTest" time="0.001"/>
  <testcase name="shouldCalculateTheSumOfDigits(int, int)[4]" classname="fr.forty_two.numbers.NumberWorkerTest" time="0.0"/>
  <testcase name="shouldCalculateTheSumOfDigits(int, int)[5]" classname="fr.forty_two.numbers.NumberWorkerTest" time="0.001"/>
  <testcase name="shouldCalculateTheSumOfDigits(int, int)[6]" classname="fr.forty_two.numbers.NumberWorkerTest" time="0.001"/>
  <testcase name="shouldCalculateTheSumOfDigits(int, int)[7]" classname="fr.forty_two.numbers.NumberWorkerTest" time="0.0"/>
  <testcase name="shouldCalculateTheSumOfDigits(int, int)[8]" classname="fr.forty_two.numbers.NumberWorkerTest" time="0.001"/>
  <testcase name="shouldCalculateTheSumOfDigits(int, int)[9]" classname="fr.forty_two.numbers.NumberWorkerTest" time="0.001"/>
  <testcase name="shouldCalculateTheSumOfDigits(int, int)[10]" classname="fr.forty_two.numbers.NumberWorkerTest" time="0.001"/>
</testsuite>